Using pre-set license
Built from '2022.3/staging' branch; Version is '2022.3.14f1 (eff2de9070d8) revision 15725278'; Using compiler version '192829333'; Build Type 'Release'
OS: 'Windows 11  (10.0.26100) 64bit Core' Language: 'ja' Physical Memory: 16167 MB
BatchMode: 1, IsHumanControllingUs: 0, StartBugReporterOnCrash: 0, Is64bit: 1, IsPro: 1

COMMAND LINE ARGUMENTS:
C:\Program Files\Unity\Hub\Editor\2022.3.6f1\2022.3.14f1\Editor\Unity.exe
-adb2
-batchMode
-noUpm
-name
AssetImportWorker1
-projectPath
C:/Users/harus/OneDrive/デスクトップ/New GroovyWalking VR
-logFile
Logs/AssetImportWorker1.log
-srvPort
59870
Successfully changed project path to: C:/Users/harus/OneDrive/デスクトップ/New GroovyWalking VR
C:/Users/harus/OneDrive/デスクトップ/New GroovyWalking VR
[UnityMemory] Configuration Parameters - Can be set up in boot.config
    "memorysetup-bucket-allocator-granularity=16"
    "memorysetup-bucket-allocator-bucket-count=8"
    "memorysetup-bucket-allocator-block-size=33554432"
    "memorysetup-bucket-allocator-block-count=8"
    "memorysetup-main-allocator-block-size=16777216"
    "memorysetup-thread-allocator-block-size=16777216"
    "memorysetup-gfx-main-allocator-block-size=16777216"
    "memorysetup-gfx-thread-allocator-block-size=16777216"
    "memorysetup-cache-allocator-block-size=4194304"
    "memorysetup-typetree-allocator-block-size=2097152"
    "memorysetup-profiler-bucket-allocator-granularity=16"
    "memorysetup-profiler-bucket-allocator-bucket-count=8"
    "memorysetup-profiler-bucket-allocator-block-size=33554432"
    "memorysetup-profiler-bucket-allocator-block-count=8"
    "memorysetup-profiler-allocator-block-size=16777216"
    "memorysetup-profiler-editor-allocator-block-size=1048576"
    "memorysetup-temp-allocator-size-main=16777216"
    "memorysetup-job-temp-allocator-block-size=2097152"
    "memorysetup-job-temp-allocator-block-size-background=1048576"
    "memorysetup-job-temp-allocator-reduction-small-platforms=262144"
    "memorysetup-allocator-temp-initial-block-size-main=262144"
    "memorysetup-allocator-temp-initial-block-size-worker=262144"
    "memorysetup-temp-allocator-size-background-worker=32768"
    "memorysetup-temp-allocator-size-job-worker=262144"
    "memorysetup-temp-allocator-size-preload-manager=33554432"
    "memorysetup-temp-allocator-size-nav-mesh-worker=65536"
    "memorysetup-temp-allocator-size-audio-worker=65536"
    "memorysetup-temp-allocator-size-cloud-worker=32768"
    "memorysetup-temp-allocator-size-gi-baking-worker=262144"
    "memorysetup-temp-allocator-size-gfx=262144"
Player connection [36860] Host "[IP] 172.16.231.159 [Port] 0 [Flags] 2 [Guid] 796004993 [EditorId] 796004993 [Version] 1048832 [Id] WindowsEditor(7,tsubaki) [Debug] 1 [PackageName] WindowsEditor [ProjectName] Editor" joined multi-casting on [225.0.0.222:54997]...

Player connection [36860] Host "[IP] 172.16.231.159 [Port] 0 [Flags] 2 [Guid] 796004993 [EditorId] 796004993 [Version] 1048832 [Id] WindowsEditor(7,tsubaki) [Debug] 1 [PackageName] WindowsEditor [ProjectName] Editor" joined alternative multi-casting on [225.0.0.222:34997]...

[Physics::Module] Initialized MultithreadedJobDispatcher with 7 workers.
Refreshing native plugins compatible for Editor in 199.78 ms, found 9 plugins.
Preloading 0 native plugins for Editor in 0.00 ms.
Initialize engine version: 2022.3.14f1 (eff2de9070d8)
[Subsystems] Discovering subsystems at path C:/Program Files/Unity/Hub/Editor/2022.3.6f1/2022.3.14f1/Editor/Data/Resources/UnitySubsystems
[Subsystems] Discovering subsystems at path C:/Users/harus/OneDrive/デスクトップ/New GroovyWalking VR/Assets
GfxDevice: creating device client; threaded=0; jobified=0
Direct3D:
    Version:  Direct3D 11.0 [level 11.1]
    Renderer: Intel(R) Iris(R) Xe Graphics (ID=0x9a49)
    Vendor:   Intel
    VRAM:     8083 MB
    Driver:   31.0.101.5522
Initialize mono
Mono path[0] = 'C:/Program Files/Unity/Hub/Editor/2022.3.6f1/2022.3.14f1/Editor/Data/Managed'
Mono path[1] = 'C:/Program Files/Unity/Hub/Editor/2022.3.6f1/2022.3.14f1/Editor/Data/MonoBleedingEdge/lib/mono/unityjit-win32'
Mono config path = 'C:/Program Files/Unity/Hub/Editor/2022.3.6f1/2022.3.14f1/Editor/Data/MonoBleedingEdge/etc'
Using monoOptions --debugger-agent=transport=dt_socket,embedding=1,server=y,suspend=n,address=127.0.0.1:56976
Begin MonoManager ReloadAssembly
Registering precompiled unity dll's ...
Register platform support module: C:/Program Files/Unity/Hub/Editor/2022.3.6f1/2022.3.14f1/Editor/Data/PlaybackEngines/AndroidPlayer/UnityEditor.Android.Extensions.dll
Register platform support module: C:/Program Files/Unity/Hub/Editor/2022.3.6f1/2022.3.14f1/Editor/Data/PlaybackEngines/WindowsStandaloneSupport/UnityEditor.WindowsStandalone.Extensions.dll
Registered in 0.029152 seconds.
- Loaded All Assemblies, in  1.108 seconds
Native extension for WindowsStandalone target not found
Native extension for Android target not found
Android Extension - Scanning For ADB Devices 909 ms
Mono: successfully reloaded assembly
- Finished resetting the current domain, in  2.272 seconds
Domain Reload Profiling: 3376ms
	BeginReloadAssembly (348ms)
		ExecutionOrderSort (0ms)
		DisableScriptedObjects (0ms)
		BackupInstance (0ms)
		ReleaseScriptingObjects (0ms)
		CreateAndSetChildDomain (1ms)
	RebuildCommonClasses (97ms)
	RebuildNativeTypeToScriptingClass (20ms)
	initialDomainReloadingComplete (154ms)
	LoadAllAssembliesAndSetupDomain (484ms)
		LoadAssemblies (345ms)
		RebuildTransferFunctionScriptingTraits (0ms)
		AnalyzeDomain (478ms)
			TypeCache.Refresh (473ms)
				TypeCache.ScanAssembly (420ms)
			ScanForSourceGeneratedMonoScriptInfo (1ms)
			ResolveRequiredComponents (1ms)
	FinalizeReload (2273ms)
		ReleaseScriptCaches (0ms)
		RebuildScriptCaches (0ms)
		SetupLoadedEditorAssemblies (1727ms)
			LogAssemblyErrors (0ms)
			InitializePlatformSupportModulesInManaged (1206ms)
			SetLoadedEditorAssemblies (7ms)
			RefreshPlugins (0ms)
			BeforeProcessingInitializeOnLoad (3ms)
			ProcessInitializeOnLoadAttributes (380ms)
			ProcessInitializeOnLoadMethodAttributes (132ms)
			AfterProcessingInitializeOnLoad (0ms)
			EditorAssembliesLoaded (0ms)
		ExecutionOrderSort2 (0ms)
		AwakeInstancesAfterBackupRestoration (0ms)
========================================================================
Worker process is ready to serve import requests
Begin MonoManager ReloadAssembly
- Loaded All Assemblies, in  2.959 seconds
Refreshing native plugins compatible for Editor in 110.75 ms, found 9 plugins.
Native extension for WindowsStandalone target not found
Native extension for Android target not found
Package Manager log level set to [2]
[Package Manager] Server::EnsureServerProcessIsRunning -- launch failed, reason: Unity was launched with the -noUpm command-line argument
[Package Manager] UpmClient::Send -- Unable to send message (not connected to UPM process).
[Package Manager] Cannot connect to Unity Package Manager local server
Mono: successfully reloaded assembly
[Package Manager] Server::EnsureServerProcessIsRunning -- launch failed, reason: Unity was launched with the -noUpm command-line argument
[Package Manager] UpmClient::Send -- Unable to send message (not connected to UPM process).
[Package Manager] Cannot connect to Unity Package Manager local server
[Package Manager] Server::EnsureServerProcessIsRunning -- launch failed, reason: Unity was launched with the -noUpm command-line argument
[Package Manager] UpmClient::Send -- Unable to send message (not connected to UPM process).
[Package Manager] Cannot connect to Unity Package Manager local server
- Finished resetting the current domain, in  2.216 seconds
Domain Reload Profiling: 5171ms
	BeginReloadAssembly (359ms)
		ExecutionOrderSort (0ms)
		DisableScriptedObjects (10ms)
		BackupInstance (0ms)
		ReleaseScriptingObjects (0ms)
		CreateAndSetChildDomain (43ms)
	RebuildCommonClasses (74ms)
	RebuildNativeTypeToScriptingClass (22ms)
	initialDomainReloadingComplete (85ms)
	LoadAllAssembliesAndSetupDomain (2409ms)
		LoadAssemblies (2084ms)
		RebuildTransferFunctionScriptingTraits (0ms)
		AnalyzeDomain (560ms)
			TypeCache.Refresh (496ms)
				TypeCache.ScanAssembly (460ms)
			ScanForSourceGeneratedMonoScriptInfo (45ms)
			ResolveRequiredComponents (15ms)
	FinalizeReload (2221ms)
		ReleaseScriptCaches (0ms)
		RebuildScriptCaches (0ms)
		SetupLoadedEditorAssemblies (1884ms)
			LogAssemblyErrors (0ms)
			InitializePlatformSupportModulesInManaged (49ms)
			SetLoadedEditorAssemblies (6ms)
			RefreshPlugins (0ms)
			BeforeProcessingInitializeOnLoad (557ms)
			ProcessInitializeOnLoadAttributes (1047ms)
			ProcessInitializeOnLoadMethodAttributes (199ms)
			AfterProcessingInitializeOnLoad (25ms)
			EditorAssembliesLoaded (1ms)
		ExecutionOrderSort2 (0ms)
		AwakeInstancesAfterBackupRestoration (15ms)
Launched and connected shader compiler UnityShaderCompiler.exe after 0.15 seconds
Refreshing native plugins compatible for Editor in 77.93 ms, found 9 plugins.
Preloading 0 native plugins for Editor in 0.00 ms.
Unloading 4725 Unused Serialized files (Serialized files now loaded: 0)
Unloading 93 unused Assets / (78.9 KB). Loaded Objects now: 5187.
Memory consumption went from 164.1 MB to 164.0 MB.
Total: 6.487500 ms (FindLiveObjects: 0.631400 ms CreateObjectMapping: 0.309600 ms MarkObjects: 5.175000 ms  DeleteObjects: 0.369800 ms)

AssetImportParameters requested are different than current active one (requested -> active):
  custom:container-demuxer-ogg: 62fdf1f143b41e24485cea50d1cbac27 -> 
  custom:video-codec-MediaFoundation-h265: 746d11721c4dcdbdad8f713fa42b33f4 -> 
  custom:video-decoder-ogg-theora: a1e56fd34408186e4bbccfd4996cb3dc -> 
  custom:framework-win-MediaFoundation: 216162199b28c13a410421893ffa2e32 -> 
  custom:CustomObjectIndexerAttribute: 756ad292c208cfabdd7b50bc23989ffe -> 
  custom:container-demuxer-webm: 4f35f7cbe854078d1ac9338744f61a02 -> 
  custom:container-muxer-webm: aa71ff27fc2769a1b78a27578f13a17b -> 
  custom:video-decoder-webm-vp8: 9c59270c3fd7afecdb556c50c9e8de78 -> 
  custom:SearchIndexIgnoredProperties: e643bd26f0fe6173181afceb89e7c659 -> 
  custom:AudioImporter_EditorPlatform: d09bf68614088b80899f8185d706f6e7 -> 
  custom:video-encoder-webm-vp8: eb34c28f22e8b96e1ab97ce403110664 -> 
  custom:audio-decoder-ogg-vorbis: bf7c407c2cedff20999df2af8eb42d56 -> 
  custom:audio-encoder-webm-vorbis: bf7c407c2cedff20999df2af8eb42d56 -> 
========================================================================
Received Import Request.
  Time since last request: 64659.522680 seconds.
  path: Assets/__GroovyWalkingVR__/Prefabs/SimpleCity/pavement1-10_Long.prefab
  artifactKey: Guid(bd458c2948a1b6247af803698794aae4) Importer(815301076,1909f56bfc062723c751e8b465ee728b)
Start importing Assets/__GroovyWalkingVR__/Prefabs/SimpleCity/pavement1-10_Long.prefab using Guid(bd458c2948a1b6247af803698794aae4) Importer(815301076,1909f56bfc062723c751e8b465ee728b)  -> (artifact id: 'cef5685a6f611c4f0b2e8de2ed5e80cc') in 0.501271 seconds
Number of updated asset objects reloaded before import = 0
Number of asset objects unloaded after import = 33
========================================================================
Received Import Request.
  Time since last request: 0.000043 seconds.
  path: Assets/__GroovyWalkingVR__/Prefabs/SimpleCity/building13_Var2 Variant.prefab
  artifactKey: Guid(03979718ca9de784ab701ff70b3f0189) Importer(815301076,1909f56bfc062723c751e8b465ee728b)
Start importing Assets/__GroovyWalkingVR__/Prefabs/SimpleCity/building13_Var2 Variant.prefab using Guid(03979718ca9de784ab701ff70b3f0189) Importer(815301076,1909f56bfc062723c751e8b465ee728b)  -> (artifact id: '410a4bed1926fa8c4a303a6ae33192eb') in 1.621802 seconds
Number of updated asset objects reloaded before import = 0
Number of asset objects unloaded after import = 500
========================================================================
Received Import Request.
  Time since last request: 0.000046 seconds.
  path: Assets/__GroovyWalkingVR__/Prefabs/SimpleCity/building3_Var2 Variant.prefab
  artifactKey: Guid(905f14b6b7e0a8141becbe13340ac4fd) Importer(815301076,1909f56bfc062723c751e8b465ee728b)
Start importing Assets/__GroovyWalkingVR__/Prefabs/SimpleCity/building3_Var2 Variant.prefab using Guid(905f14b6b7e0a8141becbe13340ac4fd) Importer(815301076,1909f56bfc062723c751e8b465ee728b)  -> (artifact id: '09f5ba1c0634f087714b7382e1575c4c') in 0.054283 seconds
Number of updated asset objects reloaded before import = 0
Number of asset objects unloaded after import = 347
========================================================================
Received Import Request.
  Time since last request: 0.000042 seconds.
  path: Assets/__GroovyWalkingVR__/Prefabs/SimpleCity/building8_Var1 Variant.prefab
  artifactKey: Guid(2aa2e939386d88d4590800e73dff8287) Importer(815301076,1909f56bfc062723c751e8b465ee728b)
Start importing Assets/__GroovyWalkingVR__/Prefabs/SimpleCity/building8_Var1 Variant.prefab using Guid(2aa2e939386d88d4590800e73dff8287) Importer(815301076,1909f56bfc062723c751e8b465ee728b)  -> (artifact id: '5b335e4e1443ad7cd8f9008e7ae20aff') in 0.049319 seconds
Number of updated asset objects reloaded before import = 0
Number of asset objects unloaded after import = 568
========================================================================
Received Import Request.
  Time since last request: 0.000071 seconds.
  path: Assets/__GroovyWalkingVR__/Prefabs/SimpleCity/road1 Variant.prefab
  artifactKey: Guid(919be07be4a96c646bd6f0d485a8eeba) Importer(815301076,1909f56bfc062723c751e8b465ee728b)
Start importing Assets/__GroovyWalkingVR__/Prefabs/SimpleCity/road1 Variant.prefab using Guid(919be07be4a96c646bd6f0d485a8eeba) Importer(815301076,1909f56bfc062723c751e8b465ee728b)  -> (artifact id: 'a5d517ac5893c3701dea009ee70614b7') in 0.036883 seconds
Number of updated asset objects reloaded before import = 0
Number of asset objects unloaded after import = 21
========================================================================
Received Import Request.
  Time since last request: 0.000035 seconds.
  path: Assets/__GroovyWalkingVR__/Prefabs/SimpleCity/road5 Variant.prefab
  artifactKey: Guid(1bc793412e82f5b4db0ab29b52ee06a0) Importer(815301076,1909f56bfc062723c751e8b465ee728b)
Start importing Assets/__GroovyWalkingVR__/Prefabs/SimpleCity/road5 Variant.prefab using Guid(1bc793412e82f5b4db0ab29b52ee06a0) Importer(815301076,1909f56bfc062723c751e8b465ee728b)  -> (artifact id: '15d3ae83f3d48aec18f63bc954c57a96') in 0.033415 seconds
Number of updated asset objects reloaded before import = 0
Number of asset objects unloaded after import = 21
========================================================================
Received Import Request.
  Time since last request: 0.000326 seconds.
  path: Assets/__GroovyWalkingVR__/Prefabs/SimpleCity/building5_Var1 Variant.prefab
  artifactKey: Guid(7dd0e1995e94fa344961df1fccaac2ac) Importer(815301076,1909f56bfc062723c751e8b465ee728b)
Start importing Assets/__GroovyWalkingVR__/Prefabs/SimpleCity/building5_Var1 Variant.prefab using Guid(7dd0e1995e94fa344961df1fccaac2ac) Importer(815301076,1909f56bfc062723c751e8b465ee728b)  -> (artifact id: 'd466a30cbfba12ad3c2bb3be61548b55') in 0.070511 seconds
Number of updated asset objects reloaded before import = 0
Number of asset objects unloaded after import = 842
